<?xml version="1.0" encoding="UTF-8"?>
<testsuite xmlns:xsi="http://www.w3.org/2001/XMLSchema-instance" xsi:noNamespaceSchemaLocation="https://maven.apache.org/surefire/maven-surefire-plugin/xsd/surefire-test-report-3.0.xsd" version="3.0" name="co.example.demo.LambdaHandlerTest" time="1.432" tests="1" errors="0" skipped="0" failures="0">
  <properties>
[...]
</properties>
  <testcase name="testSimpleLambdaSuccess" classname="co.example.demo.LambdaHandlerTest" time="0.447">
    <system-out><![CDATA[2023-08-28 18:49:00,490 WARN  [io.net.res.dns.DnsServerAddressStreamProviders] (build-5) Can not find io.netty.resolver.dns.macos.MacOSDnsServerAddressStreamProvider in the classpath, fallback to system defaults. This may result in incorrect DNS resolutions on MacOS. Check whether you have a dependency on 'io.netty:netty-resolver-dns-native-macos'
2023-08-28 18:49:00,564 INFO  [io.qua.ama.lam.run.MockEventServer] (build-5) Mock Lambda Event Server Started
2023-08-28 18:49:00,859 INFO  [io.qua.ama.lam.run.AbstractLambdaPollLoop] (Lambda Thread (TEST)) Listening on: http://localhost:8081/_lambda_/2018-06-01/runtime/invocation/next
2023-08-28 18:49:00,859 INFO  [io.quarkus] (main) demo 1.0-SNAPSHOT on JVM (powered by Quarkus 3.3.0) started in 0.703s. 
2023-08-28 18:49:00,860 INFO  [io.quarkus] (main) Profile test activated. 
2023-08-28 18:49:00,860 INFO  [io.quarkus] (main) Installed features: [amazon-lambda, cdi]
]]></system-out>
  </testcase>
</testsuite>